d:\university work\ct-4028 games programming and design structures\assignment 1\ct4028-assignment-buiscui7muncher\raycasterframework\raycasterframework\x64\release\vc142.pdb
d:\university work\ct-4028 games programming and design structures\assignment 1\ct4028-assignment-buiscui7muncher\raycasterframework\raycasterframework\x64\release\stdafx.obj
d:\university work\ct-4028 games programming and design structures\assignment 1\ct4028-assignment-buiscui7muncher\raycasterframework\raycasterframework\x64\release\rc_timers.obj
d:\university work\ct-4028 games programming and design structures\assignment 1\ct4028-assignment-buiscui7muncher\raycasterframework\raycasterframework\x64\release\rc_renderer.obj
d:\university work\ct-4028 games programming and design structures\assignment 1\ct4028-assignment-buiscui7muncher\raycasterframework\raycasterframework\x64\release\rc_texturemanager.obj
d:\university work\ct-4028 games programming and design structures\assignment 1\ct4028-assignment-buiscui7muncher\raycasterframework\raycasterframework\x64\release\rc_texture.obj
d:\university work\ct-4028 games programming and design structures\assignment 1\ct4028-assignment-buiscui7muncher\raycasterframework\raycasterframework\x64\release\rc_splashstate.obj
d:\university work\ct-4028 games programming and design structures\assignment 1\ct4028-assignment-buiscui7muncher\raycasterframework\raycasterframework\x64\release\rc_ppmloader.obj
d:\university work\ct-4028 games programming and design structures\assignment 1\ct4028-assignment-buiscui7muncher\raycasterframework\raycasterframework\x64\release\rc_player.obj
d:\university work\ct-4028 games programming and design structures\assignment 1\ct4028-assignment-buiscui7muncher\raycasterframework\raycasterframework\x64\release\rc_pcxloader.obj
d:\university work\ct-4028 games programming and design structures\assignment 1\ct4028-assignment-buiscui7muncher\raycasterframework\raycasterframework\x64\release\rc_inputmanager.obj
d:\university work\ct-4028 games programming and design structures\assignment 1\ct4028-assignment-buiscui7muncher\raycasterframework\raycasterframework\x64\release\rc_gameplaystate.obj
d:\university work\ct-4028 games programming and design structures\assignment 1\ct4028-assignment-buiscui7muncher\raycasterframework\raycasterframework\x64\release\main.obj
d:\university work\ct-4028 games programming and design structures\assignment 1\ct4028-assignment-buiscui7muncher\raycasterframework\raycasterframework\x64\release\rc_console.obj
d:\university work\ct-4028 games programming and design structures\assignment 1\ct4028-assignment-buiscui7muncher\raycasterframework\raycasterframework\x64\release\rc_gamestatemanager.obj
c:\users\student\documents\github repos\ct4028-assignment-buiscui7muncher\raycasterframework\raycasterframework\x64\release\vc142.pdb
c:\users\student\documents\github repos\ct4028-assignment-buiscui7muncher\raycasterframework\raycasterframework\x64\release\stdafx.obj
c:\users\student\documents\github repos\ct4028-assignment-buiscui7muncher\raycasterframework\raycasterframework\x64\release\rc_timers.obj
c:\users\student\documents\github repos\ct4028-assignment-buiscui7muncher\raycasterframework\raycasterframework\x64\release\rc_renderer.obj
c:\users\student\documents\github repos\ct4028-assignment-buiscui7muncher\raycasterframework\raycasterframework\x64\release\rc_texturemanager.obj
c:\users\student\documents\github repos\ct4028-assignment-buiscui7muncher\raycasterframework\raycasterframework\x64\release\rc_texture.obj
c:\users\student\documents\github repos\ct4028-assignment-buiscui7muncher\raycasterframework\raycasterframework\x64\release\rc_splashstate.obj
c:\users\student\documents\github repos\ct4028-assignment-buiscui7muncher\raycasterframework\raycasterframework\x64\release\rc_ppmloader.obj
c:\users\student\documents\github repos\ct4028-assignment-buiscui7muncher\raycasterframework\raycasterframework\x64\release\rc_player.obj
c:\users\student\documents\github repos\ct4028-assignment-buiscui7muncher\raycasterframework\raycasterframework\x64\release\rc_pcxloader.obj
c:\users\student\documents\github repos\ct4028-assignment-buiscui7muncher\raycasterframework\raycasterframework\x64\release\rc_inputmanager.obj
c:\users\student\documents\github repos\ct4028-assignment-buiscui7muncher\raycasterframework\raycasterframework\x64\release\rc_gameplaystate.obj
c:\users\student\documents\github repos\ct4028-assignment-buiscui7muncher\raycasterframework\raycasterframework\x64\release\main.obj
c:\users\student\documents\github repos\ct4028-assignment-buiscui7muncher\raycasterframework\raycasterframework\x64\release\rc_console.obj
c:\users\student\documents\github repos\ct4028-assignment-buiscui7muncher\raycasterframework\raycasterframework\x64\release\rc_gamestatemanager.obj
c:\users\student\documents\github repos\ct4028-assignment-buiscui7muncher\raycasterframework\raycasterframework\x64\release\rc_imageloader.obj
c:\users\student\documents\github repos\ct4028-assignment-buiscui7muncher\raycasterframework\raycasterframework\x64\release\rc_level.obj
c:\users\student\documents\github repos\ct4028-assignment-buiscui7muncher\raycasterframework\raycasterframework\x64\release\raycaste.a8bab110.tlog\cl.command.1.tlog
c:\users\student\documents\github repos\ct4028-assignment-buiscui7muncher\raycasterframework\raycasterframework\x64\release\raycaste.a8bab110.tlog\cl.read.1.tlog
c:\users\student\documents\github repos\ct4028-assignment-buiscui7muncher\raycasterframework\raycasterframework\x64\release\raycaste.a8bab110.tlog\cl.write.1.tlog
